Using pre-set license
Built from '2020.3/staging' branch; Version is '2020.3.3f1 (76626098c1c4) revision 7758432'; Using compiler version '192528614'; Build Type 'Release'
OS: 'Windows 10 Home; OS build 18363.1198; Version 1909; 64bit' Language: 'en' Physical Memory: 16120 MB
BatchMode: 1, IsHumanControllingUs: 0, StartBugReporterOnCrash: 0, Is64bit: 1, IsPro: 0

 COMMAND LINE ARGUMENTS:
C:\Program Files\Unity\Hub\Editor\2020.3.3f1\Editor\Unity.exe
-adb2
-batchMode
-noUpm
-name
AssetImportWorker0
-projectPath
C:/Users/jpmch/Desktop/Rise
-logFile
Logs/AssetImportWorker0.log
-srvPort
50957
Successfully changed project path to: C:/Users/jpmch/Desktop/Rise
C:/Users/jpmch/Desktop/Rise
Using Asset Import Pipeline V2.
Refreshing native plugins compatible for Editor in 44.12 ms, found 1 plugins.
Preloading 0 native plugins for Editor in 0.00 ms.
Initialize engine version: 2020.3.3f1 (76626098c1c4)
[Subsystems] Discovering subsystems at path C:/Program Files/Unity/Hub/Editor/2020.3.3f1/Editor/Data/Resources/UnitySubsystems
[Subsystems] Discovering subsystems at path C:/Users/jpmch/Desktop/Rise/Assets
GfxDevice: creating device client; threaded=0
Direct3D:
    Version:  Direct3D 11.0 [level 11.1]
    Renderer: NVIDIA GeForce GTX 1050 Ti with Max-Q Design (ID=0x1c8c)
    Vendor:   
    VRAM:     4021 MB
    Driver:   27.21.14.5241
Initialize mono
Mono path[0] = 'C:/Program Files/Unity/Hub/Editor/2020.3.3f1/Editor/Data/Managed'
Mono path[1] = 'C:/Program Files/Unity/Hub/Editor/2020.3.3f1/Editor/Data/MonoBleedingEdge/lib/mono/unityjit'
Mono config path = 'C:/Program Files/Unity/Hub/Editor/2020.3.3f1/Editor/Data/MonoBleedingEdge/etc'
Using monoOptions --debugger-agent=transport=dt_socket,embedding=1,server=y,suspend=n,address=127.0.0.1:56964
Begin MonoManager ReloadAssembly
Registering precompiled unity dll's ...
Register platform support module: C:/Program Files/Unity/Hub/Editor/2020.3.3f1/Editor/Data/PlaybackEngines/WindowsStandaloneSupport/UnityEditor.WindowsStandalone.Extensions.dll
Registered in 0.001720 seconds.
Native extension for WindowsStandalone target not found
Refreshing native plugins compatible for Editor in 46.79 ms, found 1 plugins.
Preloading 0 native plugins for Editor in 0.00 ms.
Invoked RoslynAnalysisRunner static constructor.
RoslynAnalysisRunner will not be running.
RoslynAnalysisRunner has terminated.
Mono: successfully reloaded assembly
- Completed reload, in  0.894 seconds
Platform modules already initialized, skipping
Registering precompiled user dll's ...
Registered in 0.000959 seconds.
Begin MonoManager ReloadAssembly
Native extension for WindowsStandalone target not found
Refreshing native plugins compatible for Editor in 44.06 ms, found 1 plugins.
Preloading 0 native plugins for Editor in 0.00 ms.
Invoked RoslynAnalysisRunner static constructor.
RoslynAnalysisRunner will not be running.
RoslynAnalysisRunner has terminated.
Mono: successfully reloaded assembly
- Completed reload, in  0.883 seconds
Platform modules already initialized, skipping
========================================================================
Worker process is ready to serve import requests
Launched and connected shader compiler UnityShaderCompiler.exe after 0.05 seconds
Refreshing native plugins compatible for Editor in 0.38 ms, found 1 plugins.
Preloading 0 native plugins for Editor in 0.00 ms.
Unloading 1858 Unused Serialized files (Serialized files now loaded: 0)
System memory in use before: 88.8 MB.
System memory in use after: 88.8 MB.

Unloading 19 unused Assets to reduce memory usage. Loaded Objects now: 2312.
Total: 2.024900 ms (FindLiveObjects: 0.218200 ms CreateObjectMapping: 0.085500 ms MarkObjects: 1.644100 ms  DeleteObjects: 0.076100 ms)

========================================================================
Received Import Request.
  path: Assets/Art/Asset Packs/Custom/TransparencyMaterial.mat
  artifactKey: Guid(8a566b9654a9dfb43aa272676ab7112c) Importer(815301076,1909f56bfc062723c751e8b465ee728b)
Start importing Assets/Art/Asset Packs/Custom/TransparencyMaterial.mat using Guid(8a566b9654a9dfb43aa272676ab7112c) Importer(815301076,1909f56bfc062723c751e8b465ee728b)  -> (artifact id: '60ccc9182da6c3c339ebdcb5f3d069c3') in 0.110036 seconds
  Import took 0.112866 seconds .

========================================================================
Received Import Request.
  Time since last request: 10.750666 seconds.
  path: Assets/Art/Asset Packs/Custom/verticalpillars.png
  artifactKey: Guid(008c91a4ee6b7874d8fa69c258ce2d19) Importer(815301076,1909f56bfc062723c751e8b465ee728b)
Start importing Assets/Art/Asset Packs/Custom/verticalpillars.png using Guid(008c91a4ee6b7874d8fa69c258ce2d19) Importer(815301076,1909f56bfc062723c751e8b465ee728b)  -> (artifact id: '05836e8ade578cbf58e89d2ee1f83cce') in 0.060944 seconds
  Import took 0.063794 seconds .

========================================================================
Received Import Request.
  Time since last request: 126.169580 seconds.
  path: Assets/Art/Asset Packs/Custom/verticalpillars.png
  artifactKey: Guid(008c91a4ee6b7874d8fa69c258ce2d19) Importer(815301076,1909f56bfc062723c751e8b465ee728b)
Start importing Assets/Art/Asset Packs/Custom/verticalpillars.png using Guid(008c91a4ee6b7874d8fa69c258ce2d19) Importer(815301076,1909f56bfc062723c751e8b465ee728b)  -> (artifact id: '0d01856dba08819ddaf9f0cc014d5344') in 0.015091 seconds
  Import took 0.019122 seconds .

========================================================================
Received Import Request.
  Time since last request: 13.437277 seconds.
  path: Assets/Art/Asset Packs/Custom/verticalpillars.png
  artifactKey: Guid(008c91a4ee6b7874d8fa69c258ce2d19) Importer(815301076,1909f56bfc062723c751e8b465ee728b)
Start importing Assets/Art/Asset Packs/Custom/verticalpillars.png using Guid(008c91a4ee6b7874d8fa69c258ce2d19) Importer(815301076,1909f56bfc062723c751e8b465ee728b)  -> (artifact id: '4a619328d116a0330522f972a6490125') in 0.014510 seconds
  Import took 0.017517 seconds .

========================================================================
Received Import Request.
  Time since last request: 17.200329 seconds.
  path: Assets/Art/Asset Packs/Monsters Creatures Fantasy/Sprites/Mushroom/Death.png
  artifactKey: Guid(895ce69a98d58464aaaf85c1f9ee9497) Importer(815301076,1909f56bfc062723c751e8b465ee728b)
Start importing Assets/Art/Asset Packs/Monsters Creatures Fantasy/Sprites/Mushroom/Death.png using Guid(895ce69a98d58464aaaf85c1f9ee9497) Importer(815301076,1909f56bfc062723c751e8b465ee728b)  -> (artifact id: '3f3e817453c90a3c522b1a8353073aea') in 0.031266 seconds
  Import took 0.034264 seconds .

========================================================================
Received Import Request.
  Time since last request: 0.000274 seconds.
  path: Assets/Art/Asset Packs/Monsters Creatures Fantasy/Sprites/Goblin/Death.png
  artifactKey: Guid(cbd77a78256671c4c9cf1492e8ce39b1) Importer(815301076,1909f56bfc062723c751e8b465ee728b)
Start importing Assets/Art/Asset Packs/Monsters Creatures Fantasy/Sprites/Goblin/Death.png using Guid(cbd77a78256671c4c9cf1492e8ce39b1) Importer(815301076,1909f56bfc062723c751e8b465ee728b)  -> (artifact id: '8960aff9546180638e8a7959387c9c2f') in 0.027579 seconds
  Import took 0.030551 seconds .

========================================================================
Received Import Request.
  Time since last request: 0.000278 seconds.
  path: Assets/Art/Asset Packs/Top Down Adventure Assets/Visuals/OBJECTS/sprites/dungeon-door-opened.png
  artifactKey: Guid(637edcd36711f45bab7f9891c0a27425) Importer(815301076,1909f56bfc062723c751e8b465ee728b)
Start importing Assets/Art/Asset Packs/Top Down Adventure Assets/Visuals/OBJECTS/sprites/dungeon-door-opened.png using Guid(637edcd36711f45bab7f9891c0a27425) Importer(815301076,1909f56bfc062723c751e8b465ee728b)  -> (artifact id: 'a0638fe3794eb1c4a2e586378e2630ba') in 0.019647 seconds
  Import took 0.022542 seconds .

========================================================================
Received Import Request.
  Time since last request: 0.000254 seconds.
  path: Assets/Art/Asset Packs/Top Down Adventure Assets/Visuals/OBJECTS/sprites/door-red.png
  artifactKey: Guid(5de9a771aeb5040aea57a8f3333a47dd) Importer(815301076,1909f56bfc062723c751e8b465ee728b)
Start importing Assets/Art/Asset Packs/Top Down Adventure Assets/Visuals/OBJECTS/sprites/door-red.png using Guid(5de9a771aeb5040aea57a8f3333a47dd) Importer(815301076,1909f56bfc062723c751e8b465ee728b)  -> (artifact id: '59f68236c86d5f47afff2a96eb8b4ce3') in 0.021092 seconds
  Import took 0.024003 seconds .

========================================================================
Received Import Request.
  Time since last request: 0.000282 seconds.
  path: Assets/Art/Asset Packs/Top Down Adventure Assets/Visuals/OBJECTS/sprites/door-green.png
  artifactKey: Guid(2748b47c509074184b84ae0d1a186454) Importer(815301076,1909f56bfc062723c751e8b465ee728b)
Start importing Assets/Art/Asset Packs/Top Down Adventure Assets/Visuals/OBJECTS/sprites/door-green.png using Guid(2748b47c509074184b84ae0d1a186454) Importer(815301076,1909f56bfc062723c751e8b465ee728b)  -> (artifact id: 'f9a92b664db955a424d9e0f001cb9f54') in 0.018402 seconds
  Import took 0.021351 seconds .

========================================================================
Received Import Request.
  Time since last request: 0.000272 seconds.
  path: Assets/Art/Asset Packs/Monsters Creatures Fantasy/Sprites/Mushroom/Death.png
  artifactKey: Guid(895ce69a98d58464aaaf85c1f9ee9497) Importer(815301076,1909f56bfc062723c751e8b465ee728b)
Start importing Assets/Art/Asset Packs/Monsters Creatures Fantasy/Sprites/Mushroom/Death.png using Guid(895ce69a98d58464aaaf85c1f9ee9497) Importer(815301076,1909f56bfc062723c751e8b465ee728b)  -> (artifact id: '3f3e817453c90a3c522b1a8353073aea') in 0.019399 seconds
  Import took 0.022406 seconds .

========================================================================
Received Import Request.
  Time since last request: 0.000209 seconds.
  path: Assets/Art/Asset Packs/Top Down Adventure Assets/Visuals/OBJECTS/sprites/door-yellow.png
  artifactKey: Guid(0a57b9f95a3054578891b32d0e97e520) Importer(815301076,1909f56bfc062723c751e8b465ee728b)
Start importing Assets/Art/Asset Packs/Top Down Adventure Assets/Visuals/OBJECTS/sprites/door-yellow.png using Guid(0a57b9f95a3054578891b32d0e97e520) Importer(815301076,1909f56bfc062723c751e8b465ee728b)  -> (artifact id: '5a705ac2aff5b3752e5df6c6af605076') in 0.018367 seconds
  Import took 0.022116 seconds .

========================================================================
Received Import Request.
  Time since last request: 0.000254 seconds.
  path: Assets/Art/Asset Packs/Top Down Adventure Assets/Visuals/OBJECTS/sprites/door-blue.png
  artifactKey: Guid(151032beff0704901aa06bcd5d1b8e8f) Importer(815301076,1909f56bfc062723c751e8b465ee728b)
Start importing Assets/Art/Asset Packs/Top Down Adventure Assets/Visuals/OBJECTS/sprites/door-blue.png using Guid(151032beff0704901aa06bcd5d1b8e8f) Importer(815301076,1909f56bfc062723c751e8b465ee728b)  -> (artifact id: 'e83ceee6c61f9e79b166e14ca26f0a89') in 0.017210 seconds
  Import took 0.020276 seconds .

========================================================================
Received Import Request.
  Time since last request: 0.000277 seconds.
  path: Assets/Art/Asset Packs/Monsters Creatures Fantasy/Sprites/Flying eye/Death.png
  artifactKey: Guid(b9517addf15136e47a89337d912454b0) Importer(815301076,1909f56bfc062723c751e8b465ee728b)
Start importing Assets/Art/Asset Packs/Monsters Creatures Fantasy/Sprites/Flying eye/Death.png using Guid(b9517addf15136e47a89337d912454b0) Importer(815301076,1909f56bfc062723c751e8b465ee728b)  -> (artifact id: 'e99e0f106d2bcb60dd0c1cf52cd6a131') in 0.026896 seconds
  Import took 0.029789 seconds .

========================================================================
Received Prepare
Registering precompiled user dll's ...
Registered in 0.001028 seconds.
Begin MonoManager ReloadAssembly
Native extension for WindowsStandalone target not found
Refreshing native plugins compatible for Editor in 0.35 ms, found 1 plugins.
Preloading 0 native plugins for Editor in 0.00 ms.
Invoked RoslynAnalysisRunner static constructor.
RoslynAnalysisRunner will not be running.
RoslynAnalysisRunner has terminated.
Mono: successfully reloaded assembly
- Completed reload, in  0.782 seconds
Platform modules already initialized, skipping
Refreshing native plugins compatible for Editor in 0.39 ms, found 1 plugins.
Preloading 0 native plugins for Editor in 0.00 ms.
Unloading 1835 Unused Serialized files (Serialized files now loaded: 0)
System memory in use before: 90.3 MB.
System memory in use after: 90.4 MB.

Unloading 7 unused Assets to reduce memory usage. Loaded Objects now: 2365.
Total: 1.996400 ms (FindLiveObjects: 0.191000 ms CreateObjectMapping: 0.058500 ms MarkObjects: 1.726500 ms  DeleteObjects: 0.019400 ms)

========================================================================
Received Import Request.
  Time since last request: 237.181141 seconds.
  path: Assets/Scenes/Level 3.unity
  artifactKey: Guid(64648c05a4681694890ec49d16602f7a) Importer(815301076,1909f56bfc062723c751e8b465ee728b)
Start importing Assets/Scenes/Level 3.unity using Guid(64648c05a4681694890ec49d16602f7a) Importer(815301076,1909f56bfc062723c751e8b465ee728b)  -> (artifact id: '6a489cd52fb9fc8e90f14585126f8504') in 0.013438 seconds
  Import took 0.016431 seconds .

========================================================================
Received Prepare
Registering precompiled user dll's ...
Registered in 0.000964 seconds.
Begin MonoManager ReloadAssembly
Native extension for WindowsStandalone target not found
Refreshing native plugins compatible for Editor in 0.39 ms, found 1 plugins.
Preloading 0 native plugins for Editor in 0.00 ms.
Invoked RoslynAnalysisRunner static constructor.
RoslynAnalysisRunner will not be running.
RoslynAnalysisRunner has terminated.
Mono: successfully reloaded assembly
- Completed reload, in  0.773 seconds
Platform modules already initialized, skipping
Refreshing native plugins compatible for Editor in 0.41 ms, found 1 plugins.
Preloading 0 native plugins for Editor in 0.00 ms.
Unloading 1835 Unused Serialized files (Serialized files now loaded: 0)
System memory in use before: 90.3 MB.
System memory in use after: 90.4 MB.

Unloading 7 unused Assets to reduce memory usage. Loaded Objects now: 2369.
Total: 1.879200 ms (FindLiveObjects: 0.168600 ms CreateObjectMapping: 0.060100 ms MarkObjects: 1.630800 ms  DeleteObjects: 0.018800 ms)

========================================================================
Received Prepare
Registering precompiled user dll's ...
Registered in 0.000992 seconds.
Begin MonoManager ReloadAssembly
Native extension for WindowsStandalone target not found
Refreshing native plugins compatible for Editor in 0.40 ms, found 1 plugins.
Preloading 0 native plugins for Editor in 0.00 ms.
Invoked RoslynAnalysisRunner static constructor.
RoslynAnalysisRunner will not be running.
RoslynAnalysisRunner has terminated.
Mono: successfully reloaded assembly
- Completed reload, in  0.767 seconds
Platform modules already initialized, skipping
Refreshing native plugins compatible for Editor in 0.39 ms, found 1 plugins.
Preloading 0 native plugins for Editor in 0.00 ms.
Unloading 1835 Unused Serialized files (Serialized files now loaded: 0)
System memory in use before: 90.3 MB.
System memory in use after: 90.4 MB.

Unloading 7 unused Assets to reduce memory usage. Loaded Objects now: 2373.
Total: 2.272500 ms (FindLiveObjects: 0.198700 ms CreateObjectMapping: 0.068400 ms MarkObjects: 1.986400 ms  DeleteObjects: 0.018100 ms)

========================================================================
Received Prepare
Registering precompiled user dll's ...
Registered in 0.000994 seconds.
Begin MonoManager ReloadAssembly
Native extension for WindowsStandalone target not found
Refreshing native plugins compatible for Editor in 0.39 ms, found 1 plugins.
Preloading 0 native plugins for Editor in 0.00 ms.
Invoked RoslynAnalysisRunner static constructor.
RoslynAnalysisRunner will not be running.
RoslynAnalysisRunner has terminated.
Mono: successfully reloaded assembly
- Completed reload, in  0.764 seconds
Platform modules already initialized, skipping
Refreshing native plugins compatible for Editor in 0.41 ms, found 1 plugins.
Preloading 0 native plugins for Editor in 0.00 ms.
Unloading 1835 Unused Serialized files (Serialized files now loaded: 0)
System memory in use before: 90.3 MB.
System memory in use after: 90.5 MB.

Unloading 7 unused Assets to reduce memory usage. Loaded Objects now: 2377.
Total: 2.047700 ms (FindLiveObjects: 0.225800 ms CreateObjectMapping: 0.066000 ms MarkObjects: 1.738700 ms  DeleteObjects: 0.016100 ms)

========================================================================
Received Prepare
Registering precompiled user dll's ...
Registered in 0.001038 seconds.
Begin MonoManager ReloadAssembly
Native extension for WindowsStandalone target not found
Refreshing native plugins compatible for Editor in 0.39 ms, found 1 plugins.
Preloading 0 native plugins for Editor in 0.00 ms.
Invoked RoslynAnalysisRunner static constructor.
RoslynAnalysisRunner will not be running.
RoslynAnalysisRunner has terminated.
Mono: successfully reloaded assembly
- Completed reload, in  0.766 seconds
Platform modules already initialized, skipping
Refreshing native plugins compatible for Editor in 0.51 ms, found 1 plugins.
Preloading 0 native plugins for Editor in 0.00 ms.
Unloading 1835 Unused Serialized files (Serialized files now loaded: 0)
System memory in use before: 90.4 MB.
System memory in use after: 90.5 MB.

Unloading 7 unused Assets to reduce memory usage. Loaded Objects now: 2381.
Total: 1.946900 ms (FindLiveObjects: 0.205300 ms CreateObjectMapping: 0.058900 ms MarkObjects: 1.663300 ms  DeleteObjects: 0.018400 ms)

========================================================================
Received Import Request.
  Time since last request: 998.887226 seconds.
  path: Assets/Scenes/MainMenu.unity
  artifactKey: Guid(1166fb60792a42348a91bc503a41d972) Importer(815301076,1909f56bfc062723c751e8b465ee728b)
Start importing Assets/Scenes/MainMenu.unity using Guid(1166fb60792a42348a91bc503a41d972) Importer(815301076,1909f56bfc062723c751e8b465ee728b)  -> (artifact id: '1666c5e4fbd2182251832af4a5023ec9') in 0.015690 seconds
  Import took 0.021234 seconds .

========================================================================
Received Prepare
Registering precompiled user dll's ...
Registered in 0.001244 seconds.
Begin MonoManager ReloadAssembly
Native extension for WindowsStandalone target not found
Refreshing native plugins compatible for Editor in 0.65 ms, found 1 plugins.
Preloading 0 native plugins for Editor in 0.00 ms.
Invoked RoslynAnalysisRunner static constructor.
RoslynAnalysisRunner will not be running.
RoslynAnalysisRunner has terminated.
Mono: successfully reloaded assembly
- Completed reload, in  1.407 seconds
Platform modules already initialized, skipping
Refreshing native plugins compatible for Editor in 0.82 ms, found 1 plugins.
Preloading 0 native plugins for Editor in 0.00 ms.
Unloading 1835 Unused Serialized files (Serialized files now loaded: 0)
System memory in use before: 90.4 MB.
System memory in use after: 90.5 MB.

Unloading 7 unused Assets to reduce memory usage. Loaded Objects now: 2385.
Total: 2.860400 ms (FindLiveObjects: 0.372400 ms CreateObjectMapping: 0.112200 ms MarkObjects: 2.339000 ms  DeleteObjects: 0.034100 ms)

========================================================================
Received Prepare
Refreshing native plugins compatible for Editor in 1.85 ms, found 1 plugins.
Preloading 0 native plugins for Editor in 0.00 ms.
Unloading 5 Unused Serialized files (Serialized files now loaded: 0)
System memory in use before: 54.2 MB.
System memory in use after: 54.3 MB.

Unloading 5 unused Assets to reduce memory usage. Loaded Objects now: 2385.
Total: 2.496500 ms (FindLiveObjects: 0.205200 ms CreateObjectMapping: 0.058300 ms MarkObjects: 2.210900 ms  DeleteObjects: 0.020600 ms)

========================================================================
Received Prepare
Registering precompiled user dll's ...
Registered in 0.001821 seconds.
Begin MonoManager ReloadAssembly
Native extension for WindowsStandalone target not found
Refreshing native plugins compatible for Editor in 0.41 ms, found 1 plugins.
Preloading 0 native plugins for Editor in 0.00 ms.
Invoked RoslynAnalysisRunner static constructor.
RoslynAnalysisRunner will not be running.
RoslynAnalysisRunner has terminated.
Mono: successfully reloaded assembly
- Completed reload, in  0.778 seconds
Platform modules already initialized, skipping
Refreshing native plugins compatible for Editor in 0.40 ms, found 1 plugins.
Preloading 0 native plugins for Editor in 0.00 ms.
Unloading 1835 Unused Serialized files (Serialized files now loaded: 0)
System memory in use before: 90.4 MB.
System memory in use after: 90.5 MB.

Unloading 7 unused Assets to reduce memory usage. Loaded Objects now: 2389.
Total: 2.273100 ms (FindLiveObjects: 0.238500 ms CreateObjectMapping: 0.095300 ms MarkObjects: 1.917700 ms  DeleteObjects: 0.020300 ms)

========================================================================
Received Import Request.
  Time since last request: 978.477984 seconds.
  path: Assets/Scenes/Level 4 Shield.unity
  artifactKey: Guid(eee0b60a210107d40b2e239d9e39ba64) Importer(815301076,1909f56bfc062723c751e8b465ee728b)
Start importing Assets/Scenes/Level 4 Shield.unity using Guid(eee0b60a210107d40b2e239d9e39ba64) Importer(815301076,1909f56bfc062723c751e8b465ee728b)  -> (artifact id: '477174618784386acae8eac8590f7bed') in 0.015997 seconds
  Import took 0.019242 seconds .

========================================================================
Received Import Request.
  Time since last request: 303.364203 seconds.
  path: Assets/Scenes/MainMenu.unity
  artifactKey: Guid(1166fb60792a42348a91bc503a41d972) Importer(815301076,1909f56bfc062723c751e8b465ee728b)
Start importing Assets/Scenes/MainMenu.unity using Guid(1166fb60792a42348a91bc503a41d972) Importer(815301076,1909f56bfc062723c751e8b465ee728b)  -> (artifact id: '3b8beb645c28a0659af668b469e8da73') in 0.002551 seconds
  Import took 0.006157 seconds .

========================================================================
Received Import Request.
  Time since last request: 0.013515 seconds.
  path: Assets/Scenes/MainMenu.unity
  artifactKey: Guid(1166fb60792a42348a91bc503a41d972) Importer(815301076,1909f56bfc062723c751e8b465ee728b)
Start importing Assets/Scenes/MainMenu.unity using Guid(1166fb60792a42348a91bc503a41d972) Importer(815301076,1909f56bfc062723c751e8b465ee728b)  -> (artifact id: '3b8beb645c28a0659af668b469e8da73') in 0.002199 seconds
  Import took 0.005156 seconds .

========================================================================
Received Import Request.
  Time since last request: 14.734280 seconds.
  path: Assets/Scenes/Level 2.unity
  artifactKey: Guid(fef83197a36f60544adae837798455f2) Importer(815301076,1909f56bfc062723c751e8b465ee728b)
Start importing Assets/Scenes/Level 2.unity using Guid(fef83197a36f60544adae837798455f2) Importer(815301076,1909f56bfc062723c751e8b465ee728b)  -> (artifact id: '3cff522b607a944eee3b672c54672bf2') in 0.007664 seconds
  Import took 0.010431 seconds .

========================================================================
Received Prepare
Registering precompiled user dll's ...
Registered in 0.001026 seconds.
Begin MonoManager ReloadAssembly
Native extension for WindowsStandalone target not found
Refreshing native plugins compatible for Editor in 0.40 ms, found 1 plugins.
Preloading 0 native plugins for Editor in 0.00 ms.
Invoked RoslynAnalysisRunner static constructor.
RoslynAnalysisRunner will not be running.
RoslynAnalysisRunner has terminated.
Mono: successfully reloaded assembly
- Completed reload, in  0.766 seconds
Platform modules already initialized, skipping
Refreshing native plugins compatible for Editor in 0.41 ms, found 1 plugins.
Preloading 0 native plugins for Editor in 0.00 ms.
Unloading 1835 Unused Serialized files (Serialized files now loaded: 0)
System memory in use before: 90.4 MB.
System memory in use after: 90.5 MB.

Unloading 7 unused Assets to reduce memory usage. Loaded Objects now: 2393.
Total: 2.013800 ms (FindLiveObjects: 0.211300 ms CreateObjectMapping: 0.062200 ms MarkObjects: 1.722100 ms  DeleteObjects: 0.017300 ms)

========================================================================
Received Prepare
Registering precompiled user dll's ...
Registered in 0.001254 seconds.
Begin MonoManager ReloadAssembly
Native extension for WindowsStandalone target not found
Refreshing native plugins compatible for Editor in 0.49 ms, found 1 plugins.
Preloading 0 native plugins for Editor in 0.00 ms.
Invoked RoslynAnalysisRunner static constructor.
RoslynAnalysisRunner will not be running.
RoslynAnalysisRunner has terminated.
Mono: successfully reloaded assembly
- Completed reload, in  1.117 seconds
Platform modules already initialized, skipping
Refreshing native plugins compatible for Editor in 0.84 ms, found 1 plugins.
Preloading 0 native plugins for Editor in 0.00 ms.
Unloading 1835 Unused Serialized files (Serialized files now loaded: 0)
System memory in use before: 90.4 MB.
System memory in use after: 90.5 MB.

Unloading 7 unused Assets to reduce memory usage. Loaded Objects now: 2397.
Total: 2.276500 ms (FindLiveObjects: 0.345200 ms CreateObjectMapping: 0.204500 ms MarkObjects: 1.703500 ms  DeleteObjects: 0.021900 ms)

========================================================================
Received Prepare
Registering precompiled user dll's ...
Registered in 0.001061 seconds.
Begin MonoManager ReloadAssembly
Native extension for WindowsStandalone target not found
Refreshing native plugins compatible for Editor in 0.40 ms, found 1 plugins.
Preloading 0 native plugins for Editor in 0.00 ms.
Invoked RoslynAnalysisRunner static constructor.
RoslynAnalysisRunner will not be running.
RoslynAnalysisRunner has terminated.
Mono: successfully reloaded assembly
- Completed reload, in  0.763 seconds
Platform modules already initialized, skipping
Refreshing native plugins compatible for Editor in 0.68 ms, found 1 plugins.
Preloading 0 native plugins for Editor in 0.00 ms.
Unloading 1835 Unused Serialized files (Serialized files now loaded: 0)
System memory in use before: 90.4 MB.
System memory in use after: 90.5 MB.

Unloading 7 unused Assets to reduce memory usage. Loaded Objects now: 2401.
Total: 2.118100 ms (FindLiveObjects: 0.196100 ms CreateObjectMapping: 0.056400 ms MarkObjects: 1.844000 ms  DeleteObjects: 0.020600 ms)

========================================================================
Received Prepare
Registering precompiled user dll's ...
Registered in 0.001543 seconds.
Begin MonoManager ReloadAssembly
Native extension for WindowsStandalone target not found
Refreshing native plugins compatible for Editor in 0.66 ms, found 1 plugins.
Preloading 0 native plugins for Editor in 0.00 ms.
Invoked RoslynAnalysisRunner static constructor.
RoslynAnalysisRunner will not be running.
RoslynAnalysisRunner has terminated.
Mono: successfully reloaded assembly
- Completed reload, in  1.311 seconds
Platform modules already initialized, skipping
Refreshing native plugins compatible for Editor in 0.50 ms, found 1 plugins.
Preloading 0 native plugins for Editor in 0.00 ms.
Unloading 1835 Unused Serialized files (Serialized files now loaded: 0)
System memory in use before: 90.4 MB.
System memory in use after: 90.5 MB.

Unloading 7 unused Assets to reduce memory usage. Loaded Objects now: 2405.
Total: 2.923100 ms (FindLiveObjects: 0.235500 ms CreateObjectMapping: 0.091200 ms MarkObjects: 2.567800 ms  DeleteObjects: 0.026900 ms)

========================================================================
Received Import Request.
  Time since last request: 1510.138494 seconds.
  path: Assets/Scenes/OutroCutscene.unity
  artifactKey: Guid(8b9314634a2df194a83d1a82f3553f81) Importer(815301076,1909f56bfc062723c751e8b465ee728b)
Start importing Assets/Scenes/OutroCutscene.unity using Guid(8b9314634a2df194a83d1a82f3553f81) Importer(815301076,1909f56bfc062723c751e8b465ee728b)  -> (artifact id: '006d9156777f8264d26132ebe9a0bb01') in 0.016457 seconds
  Import took 0.019961 seconds .

========================================================================
Received Import Request.
  Time since last request: 30.133179 seconds.
  path: Assets/Scenes/IntroCutscene.unity
  artifactKey: Guid(1b01303d6f5842343895b57a964fefc1) Importer(815301076,1909f56bfc062723c751e8b465ee728b)
Start importing Assets/Scenes/IntroCutscene.unity using Guid(1b01303d6f5842343895b57a964fefc1) Importer(815301076,1909f56bfc062723c751e8b465ee728b)  -> (artifact id: 'ff0a9e91be06b79fbec012772434f910') in 0.006281 seconds
  Import took 0.009195 seconds .

========================================================================
Received Import Request.
  Time since last request: 6.866544 seconds.
  path: Assets/Scenes/Credits.unity
  artifactKey: Guid(c98f001f4a6559945b1b613be90295f8) Importer(815301076,1909f56bfc062723c751e8b465ee728b)
Start importing Assets/Scenes/Credits.unity using Guid(c98f001f4a6559945b1b613be90295f8) Importer(815301076,1909f56bfc062723c751e8b465ee728b)  -> (artifact id: '7542e5c9022a549dbd806ce147208da3') in 0.005810 seconds
  Import took 0.008662 seconds .

========================================================================
Received Import Request.
  Time since last request: 1340.380135 seconds.
  path: Assets/Scenes/Level 2.unity
  artifactKey: Guid(fef83197a36f60544adae837798455f2) Importer(815301076,1909f56bfc062723c751e8b465ee728b)
Start importing Assets/Scenes/Level 2.unity using Guid(fef83197a36f60544adae837798455f2) Importer(815301076,1909f56bfc062723c751e8b465ee728b)  -> (artifact id: '23cc76233583be38375665fb469725b9') in 0.002627 seconds
  Import took 0.006160 seconds .

========================================================================
Received Prepare
Registering precompiled user dll's ...
Registered in 0.001295 seconds.
Begin MonoManager ReloadAssembly
Native extension for WindowsStandalone target not found
Refreshing native plugins compatible for Editor in 0.74 ms, found 1 plugins.
Preloading 0 native plugins for Editor in 0.00 ms.
Invoked RoslynAnalysisRunner static constructor.
RoslynAnalysisRunner will not be running.
RoslynAnalysisRunner has terminated.
Mono: successfully reloaded assembly
- Completed reload, in  1.074 seconds
Platform modules already initialized, skipping
Refreshing native plugins compatible for Editor in 0.56 ms, found 1 plugins.
Preloading 0 native plugins for Editor in 0.00 ms.
Unloading 1835 Unused Serialized files (Serialized files now loaded: 0)
System memory in use before: 90.5 MB.
System memory in use after: 90.6 MB.

Unloading 7 unused Assets to reduce memory usage. Loaded Objects now: 2409.
Total: 2.436300 ms (FindLiveObjects: 0.249100 ms CreateObjectMapping: 0.080500 ms MarkObjects: 2.072300 ms  DeleteObjects: 0.032600 ms)

========================================================================
Received Prepare
Refreshing native plugins compatible for Editor in 1.71 ms, found 1 plugins.
Preloading 0 native plugins for Editor in 0.00 ms.
Unloading 5 Unused Serialized files (Serialized files now loaded: 0)
System memory in use before: 54.3 MB.
System memory in use after: 54.4 MB.

Unloading 5 unused Assets to reduce memory usage. Loaded Objects now: 2409.
Total: 2.570500 ms (FindLiveObjects: 0.227300 ms CreateObjectMapping: 0.065900 ms MarkObjects: 2.237100 ms  DeleteObjects: 0.038300 ms)

AssetImportWorkerClient::OnTransportError - code=2 error=End of file
